<?xml version="1.0" encoding="UTF-8"?>
<testng-results ignored="0" total="10" passed="10" failed="0" skipped="0">
  <reporter-output>
  </reporter-output>
  <suite started-at="2021-11-21T01:21:02 IST" name="Default suite" finished-at="2021-11-21T01:23:25 IST" duration-ms="143621">
    <groups>
      <group name="cucumber">
        <method signature="AbstractTestNGCucumberTests.runScenario(io.cucumber.testng.PickleWrapper,io.cucumber.testng.FeatureWrapper)[pri:0, instance:com.Comp.Runner.TestrunnerClass@793f29ff]" name="runScenario" class="io.cucumber.testng.AbstractTestNGCucumberTests"/>
      </group> <!-- cucumber -->
    </groups>
    <test started-at="2021-11-21T01:21:02 IST" name="Default test" finished-at="2021-11-21T01:23:25 IST" duration-ms="143621">
      <class name="com.Comp.Runner.TestrunnerClass">
        <test-method is-config="true" signature="setUpClass(org.testng.ITestContext)[pri:0, instance:com.Comp.Runner.TestrunnerClass@793f29ff]" started-at="2021-11-21T01:21:02 IST" name="setUpClass" finished-at="2021-11-21T01:21:02 IST" duration-ms="728" status="PASS">
          <params>
            <param index="0">
              <value>
                <![CDATA[org.testng.TestRunner@25ad25f5]]>
              </value>
            </param>
          </params>
          <reporter-output>
          </reporter-output>
        </test-method> <!-- setUpClass -->
        <test-method signature="runScenario(io.cucumber.testng.PickleWrapper,io.cucumber.testng.FeatureWrapper)[pri:0, instance:com.Comp.Runner.TestrunnerClass@793f29ff]" started-at="2021-11-21T01:21:02 IST" name="runScenario" description="Runs Cucumber Scenarios" data-provider="scenarios" finished-at="2021-11-21T01:21:16 IST" duration-ms="13934" status="PASS">
          <params>
            <param index="0">
              <value>
                <![CDATA["Login with valid data."]]>
              </value>
            </param>
            <param index="1">
              <value>
                <![CDATA["Optional[Bigsmall Automate]"]]>
              </value>
            </param>
          </params>
          <reporter-output>
          </reporter-output>
        </test-method> <!-- runScenario -->
        <test-method signature="runScenario(io.cucumber.testng.PickleWrapper,io.cucumber.testng.FeatureWrapper)[pri:0, instance:com.Comp.Runner.TestrunnerClass@793f29ff]" started-at="2021-11-21T01:21:16 IST" name="runScenario" description="Runs Cucumber Scenarios" data-provider="scenarios" finished-at="2021-11-21T01:21:29 IST" duration-ms="12918" status="PASS">
          <params>
            <param index="0">
              <value>
                <![CDATA["Validate Header hover link"]]>
              </value>
            </param>
            <param index="1">
              <value>
                <![CDATA["Optional[BigSmall Automate]"]]>
              </value>
            </param>
          </params>
          <reporter-output>
          </reporter-output>
        </test-method> <!-- runScenario -->
        <test-method signature="runScenario(io.cucumber.testng.PickleWrapper,io.cucumber.testng.FeatureWrapper)[pri:0, instance:com.Comp.Runner.TestrunnerClass@793f29ff]" started-at="2021-11-21T01:21:29 IST" name="runScenario" description="Runs Cucumber Scenarios" data-provider="scenarios" finished-at="2021-11-21T01:21:49 IST" duration-ms="19535" status="PASS">
          <params>
            <param index="0">
              <value>
                <![CDATA["Validate Header link"]]>
              </value>
            </param>
            <param index="1">
              <value>
                <![CDATA["Optional[BigSmall Automate]"]]>
              </value>
            </param>
          </params>
          <reporter-output>
          </reporter-output>
        </test-method> <!-- runScenario -->
        <test-method signature="runScenario(io.cucumber.testng.PickleWrapper,io.cucumber.testng.FeatureWrapper)[pri:0, instance:com.Comp.Runner.TestrunnerClass@793f29ff]" started-at="2021-11-21T01:21:49 IST" name="runScenario" description="Runs Cucumber Scenarios" data-provider="scenarios" finished-at="2021-11-21T01:22:05 IST" duration-ms="15896" status="PASS">
          <params>
            <param index="0">
              <value>
                <![CDATA["Search Product in search bar"]]>
              </value>
            </param>
            <param index="1">
              <value>
                <![CDATA["Optional[BigSmall Automate]"]]>
              </value>
            </param>
          </params>
          <reporter-output>
          </reporter-output>
        </test-method> <!-- runScenario -->
        <test-method signature="runScenario(io.cucumber.testng.PickleWrapper,io.cucumber.testng.FeatureWrapper)[pri:0, instance:com.Comp.Runner.TestrunnerClass@793f29ff]" started-at="2021-11-21T01:22:05 IST" name="runScenario" description="Runs Cucumber Scenarios" data-provider="scenarios" finished-at="2021-11-21T01:22:19 IST" duration-ms="14711" status="PASS">
          <params>
            <param index="0">
              <value>
                <![CDATA["Validate in home page gift card"]]>
              </value>
            </param>
            <param index="1">
              <value>
                <![CDATA["Optional[BigSmall Automate]"]]>
              </value>
            </param>
          </params>
          <reporter-output>
          </reporter-output>
        </test-method> <!-- runScenario -->
        <test-method signature="runScenario(io.cucumber.testng.PickleWrapper,io.cucumber.testng.FeatureWrapper)[pri:0, instance:com.Comp.Runner.TestrunnerClass@793f29ff]" started-at="2021-11-21T01:22:19 IST" name="runScenario" description="Runs Cucumber Scenarios" data-provider="scenarios" finished-at="2021-11-21T01:22:31 IST" duration-ms="12044" status="PASS">
          <params>
            <param index="0">
              <value>
                <![CDATA["Validate in home page wishlist"]]>
              </value>
            </param>
            <param index="1">
              <value>
                <![CDATA["Optional[BigSmall Automate]"]]>
              </value>
            </param>
          </params>
          <reporter-output>
          </reporter-output>
        </test-method> <!-- runScenario -->
        <test-method signature="runScenario(io.cucumber.testng.PickleWrapper,io.cucumber.testng.FeatureWrapper)[pri:0, instance:com.Comp.Runner.TestrunnerClass@793f29ff]" started-at="2021-11-21T01:22:31 IST" name="runScenario" description="Runs Cucumber Scenarios" data-provider="scenarios" finished-at="2021-11-21T01:22:48 IST" duration-ms="16279" status="PASS">
          <params>
            <param index="0">
              <value>
                <![CDATA["Validate in home page Home decor"]]>
              </value>
            </param>
            <param index="1">
              <value>
                <![CDATA["Optional[BigSmall Automate]"]]>
              </value>
            </param>
          </params>
          <reporter-output>
          </reporter-output>
        </test-method> <!-- runScenario -->
        <test-method signature="runScenario(io.cucumber.testng.PickleWrapper,io.cucumber.testng.FeatureWrapper)[pri:0, instance:com.Comp.Runner.TestrunnerClass@793f29ff]" started-at="2021-11-21T01:22:48 IST" name="runScenario" description="Runs Cucumber Scenarios" data-provider="scenarios" finished-at="2021-11-21T01:22:59 IST" duration-ms="11091" status="PASS">
          <params>
            <param index="0">
              <value>
                <![CDATA["Validate in home page Cart"]]>
              </value>
            </param>
            <param index="1">
              <value>
                <![CDATA["Optional[BigSmall Automate]"]]>
              </value>
            </param>
          </params>
          <reporter-output>
          </reporter-output>
        </test-method> <!-- runScenario -->
        <test-method signature="runScenario(io.cucumber.testng.PickleWrapper,io.cucumber.testng.FeatureWrapper)[pri:0, instance:com.Comp.Runner.TestrunnerClass@793f29ff]" started-at="2021-11-21T01:22:59 IST" name="runScenario" description="Runs Cucumber Scenarios" data-provider="scenarios" finished-at="2021-11-21T01:23:11 IST" duration-ms="12205" status="PASS">
          <params>
            <param index="0">
              <value>
                <![CDATA["Validate in home page whats new section"]]>
              </value>
            </param>
            <param index="1">
              <value>
                <![CDATA["Optional[BigSmall Automate]"]]>
              </value>
            </param>
          </params>
          <reporter-output>
          </reporter-output>
        </test-method> <!-- runScenario -->
        <test-method signature="runScenario(io.cucumber.testng.PickleWrapper,io.cucumber.testng.FeatureWrapper)[pri:0, instance:com.Comp.Runner.TestrunnerClass@793f29ff]" started-at="2021-11-21T01:23:11 IST" name="runScenario" description="Runs Cucumber Scenarios" data-provider="scenarios" finished-at="2021-11-21T01:23:25 IST" duration-ms="14200" status="PASS">
          <params>
            <param index="0">
              <value>
                <![CDATA["Validate in home page Latest Product"]]>
              </value>
            </param>
            <param index="1">
              <value>
                <![CDATA["Optional[BigSmall Automate]"]]>
              </value>
            </param>
          </params>
          <reporter-output>
          </reporter-output>
        </test-method> <!-- runScenario -->
        <test-method is-config="true" signature="tearDownClass()[pri:0, instance:com.Comp.Runner.TestrunnerClass@793f29ff]" started-at="2021-11-21T01:23:25 IST" name="tearDownClass" finished-at="2021-11-21T01:23:25 IST" duration-ms="9" status="PASS">
          <reporter-output>
          </reporter-output>
        </test-method> <!-- tearDownClass -->
      </class> <!-- com.Comp.Runner.TestrunnerClass -->
    </test> <!-- Default test -->
  </suite> <!-- Default suite -->
</testng-results>
